Listening on 3000
チェック中
AxiosError: Request failed with status code 403
    at settle (/Users/naganoraita/Desktop/node-project/linebot/node_modules/axios/dist/node/axios.cjs:1967:12)
    at Unzip.handleStreamEnd (/Users/naganoraita/Desktop/node-project/linebot/node_modules/axios/dist/node/axios.cjs:3066:11)
    at Unzip.emit (node:events:526:35)
    at endReadableNT (node:internal/streams/readable:1376:12)
    at process.processTicksAndRejections (node:internal/process/task_queues:82:21)
    at Axios.request (/Users/naganoraita/Desktop/node-project/linebot/node_modules/axios/dist/node/axios.cjs:3877:41)
    at process.processTicksAndRejections (node:internal/process/task_queues:95:5)
    at async fetchTweets (/Users/naganoraita/Desktop/node-project/linebot/server.js:24:27)
    at async Timeout._onTimeout (/Users/naganoraita/Desktop/node-project/linebot/server.js:52:20) {
  code: 'ERR_BAD_REQUEST',
  config: {
    transitional: {
      silentJSONParsing: true,
      forcedJSONParsing: true,
      clarifyTimeoutError: false
    },
    adapter: [ 'xhr', 'http' ],
    transformRequest: [ [Function: transformRequest] ],
    transformResponse: [ [Function: transformResponse] ],
    timeout: 0,
    xsrfCookieName: 'XSRF-TOKEN',
    xsrfHeaderName: 'X-XSRF-TOKEN',
    maxContentLength: -1,
    maxBodyLength: -1,
    env: { FormData: [Function], Blob: [class Blob] },
    validateStatus: [Function: validateStatus],
    headers: Object [AxiosHeaders] {
      Accept: 'application/json, text/plain, */*',
      'Content-Type': undefined,
      Authorization: 'Bearer AAAAAAAAAAAAAAAAAAAAAD38sQEAAAAAiaoXJdHy0UC9rVFeToOTTJUBkQM%3DJBmJ2lxlj2gcCGNfuoeWwWdYwBfAP0VvriVWe5FKW2MZH16psa',
      'User-Agent': 'axios/1.6.7',
      'Accept-Encoding': 'gzip, compress, deflate, br'
    },
    method: 'get',
    url: 'https://api.twitter.com/2/tweets/search/recent?query=from%3ARaita81162691%20%23%E3%81%94%E3%82%8A%E3%81%99',
    data: undefined
  },
  request: <ref *1> ClientRequest {
    _events: [Object: null prototype] {
      abort: [Function (anonymous)],
      aborted: [Function (anonymous)],
      connect: [Function (anonymous)],
      error: [Function (anonymous)],
      socket: [Function (anonymous)],
      timeout: [Function (anonymous)],
      finish: [Function: requestOnFinish]
    },
    _eventsCount: 7,
    _maxListeners: undefined,
    outputData: [],
    outputSize: 0,
    writable: true,
    destroyed: true,
    _last: true,
    chunkedEncoding: false,
    shouldKeepAlive: true,
    maxRequestsOnConnectionReached: false,
    _defaultKeepAlive: true,
    useChunkedEncodingByDefault: false,
    sendDate: false,
    _removedConnection: false,
    _removedContLen: false,
    _removedTE: false,
    strictContentLength: false,
    _contentLength: 0,
    _hasBody: true,
    _trailer: '',
    finished: true,
    _headerSent: true,
    _closed: true,
    socket: TLSSocket {
      _tlsOptions: [Object],
      _secureEstablished: true,
      _securePending: false,
      _newSessionPending: false,
      _controlReleased: true,
      secureConnecting: false,
      _SNICallback: null,
      servername: 'api.twitter.com',
      alpnProtocol: false,
      authorized: true,
      authorizationError: null,
      encrypted: true,
      _events: [Object: null prototype],
      _eventsCount: 9,
      connecting: false,
      _hadError: false,
      _parent: null,
      _host: 'api.twitter.com',
      _closeAfterHandlingError: false,
      _readableState: [ReadableState],
      _maxListeners: undefined,
      _writableState: [WritableState],
      allowHalfOpen: false,
      _sockname: null,
      _pendingData: null,
      _pendingEncoding: '',
      server: undefined,
      _server: null,
      ssl: [TLSWrap],
      _requestCert: true,
      _rejectUnauthorized: true,
      timeout: 5000,
      parser: null,
      _httpMessage: null,
      autoSelectFamilyAttemptedAddresses: [Array],
      [Symbol(alpncallback)]: null,
      [Symbol(res)]: [TLSWrap],
      [Symbol(verified)]: true,
      [Symbol(pendingSession)]: null,
      [Symbol(async_id_symbol)]: -1,
      [Symbol(kHandle)]: [TLSWrap],
      [Symbol(lastWriteQueueSize)]: 0,
      [Symbol(timeout)]: Timeout {
        _idleTimeout: 5000,
        _idlePrev: [TimersList],
        _idleNext: [TimersList],
        _idleStart: 60522,
        _onTimeout: [Function: bound ],
        _timerArgs: undefined,
        _repeat: null,
        _destroyed: false,
        [Symbol(refed)]: false,
        [Symbol(kHasPrimitive)]: false,
        [Symbol(asyncId)]: 31,
        [Symbol(triggerId)]: 29
      },
      [Symbol(kBuffer)]: null,
      [Symbol(kBufferCb)]: null,
      [Symbol(kBufferGen)]: null,
      [Symbol(kCapture)]: false,
      [Symbol(kSetNoDelay)]: false,
      [Symbol(kSetKeepAlive)]: true,
      [Symbol(kSetKeepAliveInitialDelay)]: 1,
      [Symbol(kBytesRead)]: 0,
      [Symbol(kBytesWritten)]: 0,
      [Symbol(connect-options)]: [Object]
    },
    _header: 'GET /2/tweets/search/recent?query=from%3ARaita81162691%20%23%E3%81%94%E3%82%8A%E3%81%99 HTTP/1.1\r\n' +
      'Accept: application/json, text/plain, */*\r\n' +
      'Authorization: Bearer AAAAAAAAAAAAAAAAAAAAAD38sQEAAAAAiaoXJdHy0UC9rVFeToOTTJUBkQM%3DJBmJ2lxlj2gcCGNfuoeWwWdYwBfAP0VvriVWe5FKW2MZH16psa\r\n' +
      'User-Agent: axios/1.6.7\r\n' +
      'Accept-Encoding: gzip, compress, deflate, br\r\n' +
      'Host: api.twitter.com\r\n' +
      'Connection: keep-alive\r\n' +
      '\r\n',
    _keepAliveTimeout: 0,
    _onPendingData: [Function: nop],
    agent: Agent {
      _events: [Object: null prototype],
      _eventsCount: 2,
      _maxListeners: undefined,
      defaultPort: 443,
      protocol: 'https:',
      options: [Object: null prototype],
      requests: [Object: null prototype] {},
      sockets: [Object: null prototype] {},
      freeSockets: [Object: null prototype],
      keepAliveMsecs: 1000,
      keepAlive: true,
      maxSockets: Infinity,
      maxFreeSockets: 256,
      scheduling: 'lifo',
      maxTotalSockets: Infinity,
      totalSocketCount: 1,
      maxCachedSessions: 100,
      _sessionCache: [Object],
      [Symbol(kCapture)]: false
    },
    socketPath: undefined,
    method: 'GET',
    maxHeaderSize: undefined,
    insecureHTTPParser: undefined,
    joinDuplicateHeaders: undefined,
    path: '/2/tweets/search/recent?query=from%3ARaita81162691%20%23%E3%81%94%E3%82%8A%E3%81%99',
    _ended: true,
    res: IncomingMessage {
      _readableState: [ReadableState],
      _events: [Object: null prototype],
      _eventsCount: 4,
      _maxListeners: undefined,
      socket: null,
      httpVersionMajor: 1,
      httpVersionMinor: 1,
      httpVersion: '1.1',
      complete: true,
      rawHeaders: [Array],
      rawTrailers: [],
      joinDuplicateHeaders: undefined,
      aborted: false,
      upgrade: false,
      url: '',
      method: null,
      statusCode: 403,
      statusMessage: 'Forbidden',
      client: [TLSSocket],
      _consuming: false,
      _dumped: false,
      req: [Circular *1],
      responseUrl: 'https://api.twitter.com/2/tweets/search/recent?query=from%3ARaita81162691%20%23%E3%81%94%E3%82%8A%E3%81%99',
      redirects: [],
      [Symbol(kCapture)]: false,
      [Symbol(kHeaders)]: [Object],
      [Symbol(kHeadersCount)]: 48,
      [Symbol(kTrailers)]: null,
      [Symbol(kTrailersCount)]: 0
    },
    aborted: false,
    timeoutCb: null,
    upgradeOrConnect: false,
    parser: null,
    maxHeadersCount: null,
    reusedSocket: false,
    host: 'api.twitter.com',
    protocol: 'https:',
    _redirectable: Writable {
      _writableState: [WritableState],
      _events: [Object: null prototype],
      _eventsCount: 3,
      _maxListeners: undefined,
      _options: [Object],
      _ended: true,
      _ending: true,
      _redirectCount: 0,
      _redirects: [],
      _requestBodyLength: 0,
      _requestBodyBuffers: [],
      _onNativeResponse: [Function (anonymous)],
      _currentRequest: [Circular *1],
      _currentUrl: 'https://api.twitter.com/2/tweets/search/recent?query=from%3ARaita81162691%20%23%E3%81%94%E3%82%8A%E3%81%99',
      [Symbol(kCapture)]: false
    },
    [Symbol(kCapture)]: false,
    [Symbol(kBytesWritten)]: 0,
    [Symbol(kNeedDrain)]: false,
    [Symbol(corked)]: 0,
    [Symbol(kOutHeaders)]: [Object: null prototype] {
      accept: [Array],
      authorization: [Array],
      'user-agent': [Array],
      'accept-encoding': [Array],
      host: [Array]
    },
    [Symbol(errored)]: null,
    [Symbol(kHighWaterMark)]: 16384,
    [Symbol(kRejectNonStandardBodyWrites)]: false,
    [Symbol(kUniqueHeaders)]: null
  },
  response: {
    status: 403,
    statusText: 'Forbidden',
    headers: Object [AxiosHeaders] {
      date: 'Fri, 23 Feb 2024 10:34:34 UTC',
      perf: '7469935968',
      server: 'tsa_m',
      'set-cookie': [Array],
      'api-version': '2.93',
      'content-type': 'application/json; charset=utf-8',
      'cache-control': 'no-cache, no-store, max-age=0',
      'content-length': '327',
      'x-access-level': 'read',
      'x-frame-options': 'SAMEORIGIN',
      'x-transaction-id': 'ad5a51476ea14e06',
      'x-xss-protection': '0',
      'x-rate-limit-limit': '40000',
      'x-rate-limit-reset': '1708684648',
      'content-disposition': 'attachment; filename=json.json',
      'x-content-type-options': 'nosniff',
      'x-rate-limit-remaining': '39986',
      'strict-transport-security': 'max-age=631138519',
      'x-response-time': '104',
      'x-connection-hash': '2012ed543dc2073d28482581f336914ea5836318e8d034ebfc7f904a37732b77'
    },
    config: {
      transitional: [Object],
      adapter: [Array],
      transformRequest: [Array],
      transformResponse: [Array],
      timeout: 0,
      xsrfCookieName: 'XSRF-TOKEN',
      xsrfHeaderName: 'X-XSRF-TOKEN',
      maxContentLength: -1,
      maxBodyLength: -1,
      env: [Object],
      validateStatus: [Function: validateStatus],
      headers: [Object [AxiosHeaders]],
      method: 'get',
      url: 'https://api.twitter.com/2/tweets/search/recent?query=from%3ARaita81162691%20%23%E3%81%94%E3%82%8A%E3%81%99',
      data: undefined
    },
    request: <ref *1> ClientRequest {
      _events: [Object: null prototype],
      _eventsCount: 7,
      _maxListeners: undefined,
      outputData: [],
      outputSize: 0,
      writable: true,
      destroyed: true,
      _last: true,
      chunkedEncoding: false,
      shouldKeepAlive: true,
      maxRequestsOnConnectionReached: false,
      _defaultKeepAlive: true,
      useChunkedEncodingByDefault: false,
      sendDate: false,
      _removedConnection: false,
      _removedContLen: false,
      _removedTE: false,
      strictContentLength: false,
      _contentLength: 0,
      _hasBody: true,
      _trailer: '',
      finished: true,
      _headerSent: true,
      _closed: true,
      socket: [TLSSocket],
      _header: 'GET /2/tweets/search/recent?query=from%3ARaita81162691%20%23%E3%81%94%E3%82%8A%E3%81%99 HTTP/1.1\r\n' +
        'Accept: application/json, text/plain, */*\r\n' +
        'Authorization: Bearer AAAAAAAAAAAAAAAAAAAAAD38sQEAAAAAiaoXJdHy0UC9rVFeToOTTJUBkQM%3DJBmJ2lxlj2gcCGNfuoeWwWdYwBfAP0VvriVWe5FKW2MZH16psa\r\n' +
        'User-Agent: axios/1.6.7\r\n' +
        'Accept-Encoding: gzip, compress, deflate, br\r\n' +
        'Host: api.twitter.com\r\n' +
        'Connection: keep-alive\r\n' +
        '\r\n',
      _keepAliveTimeout: 0,
      _onPendingData: [Function: nop],
      agent: [Agent],
      socketPath: undefined,
      method: 'GET',
      maxHeaderSize: undefined,
      insecureHTTPParser: undefined,
      joinDuplicateHeaders: undefined,
      path: '/2/tweets/search/recent?query=from%3ARaita81162691%20%23%E3%81%94%E3%82%8A%E3%81%99',
      _ended: true,
      res: [IncomingMessage],
      aborted: false,
      timeoutCb: null,
      upgradeOrConnect: false,
      parser: null,
      maxHeadersCount: null,
      reusedSocket: false,
      host: 'api.twitter.com',
      protocol: 'https:',
      _redirectable: [Writable],
      [Symbol(kCapture)]: false,
      [Symbol(kBytesWritten)]: 0,
      [Symbol(kNeedDrain)]: false,
      [Symbol(corked)]: 0,
      [Symbol(kOutHeaders)]: [Object: null prototype],
      [Symbol(errored)]: null,
      [Symbol(kHighWaterMark)]: 16384,
      [Symbol(kRejectNonStandardBodyWrites)]: false,
      [Symbol(kUniqueHeaders)]: null
    },
    data: {
      client_id: '28441661',
      detail: 'When authenticating requests to the Twitter API v2 endpoints, you must use keys and tokens from a Twitter developer App that is attached to a Project. You can create a project via the developer portal.',
      registration_url: 'https://developer.twitter.com/en/docs/projects/overview',
      title: 'Client Forbidden',
      required_enrollment: 'Appropriate Level of API Access',
      reason: 'client-not-enrolled',
      type: 'https://api.twitter.com/2/problems/client-forbidden'
    }
  }
}
no
